[0.020s] Invoking command in '/home/flynn/webots_ros2_ws/build/webots_ros2_driver': AMENT_PREFIX_PATH=/home/flynn/webots_ros2_ws/install/webots_ros2_msgs:${AMENT_PREFIX_PATH} CMAKE_PREFIX_PATH=/home/flynn/webots_ros2_ws/install/webots_ros2_msgs:/opt/ros/humble LD_LIBRARY_PATH=/home/flynn/webots_ros2_ws/install/webots_ros2_msgs/lib:${LD_LIBRARY_PATH} PYTHONPATH=/home/flynn/webots_ros2_ws/install/webots_ros2_msgs/local/lib/python3.10/dist-packages:${PYTHONPATH} /usr/bin/cmake --build /home/flynn/webots_ros2_ws/build/webots_ros2_driver -- -j24 -l24
[0.123s] [  0%] Built target ament_cmake_python_symlink_controller
[0.124s] [  0%] Built target ament_cmake_python_symlink_vehicle
[0.126s] [  0%] Built target ament_cmake_python_symlink_webots_ros2_driver
[0.507s] Traceback (most recent call last):
[0.508s]   File "/home/flynn/webots_ros2_ws/build/webots_ros2_driver/ament_cmake_python/controller/setup.py", line 1, in <module>
[0.508s] Traceback (most recent call last):
[0.508s]   File "/home/flynn/webots_ros2_ws/build/webots_ros2_driver/ament_cmake_python/vehicle/setup.py", line 1, in <module>
[0.508s]     from setuptools import find_packages
[0.508s]   File "/usr/lib/python3/dist-packages/setuptools/__init__.py", line 18, in <module>
[0.508s]     from setuptools import find_packages
[0.508s]   File "/usr/lib/python3/dist-packages/setuptools/__init__.py", line 18, in <module>
[0.508s] Traceback (most recent call last):
[0.508s]   File "/home/flynn/webots_ros2_ws/build/webots_ros2_driver/ament_cmake_python/webots_ros2_driver/setup.py", line 1, in <module>
[0.508s]     from setuptools import find_packages
[0.508s]   File "/usr/lib/python3/dist-packages/setuptools/__init__.py", line 18, in <module>
[0.509s] gmake[2]: *** [CMakeFiles/compile-lib-controller.dir/build.make:70: CMakeFiles/compile-lib-controller] Interrupt
[0.509s] gmake[1]: *** [CMakeFiles/Makefile2:156: CMakeFiles/compile-lib-controller.dir/all] Interrupt
[0.515s]     from setuptools.dist import Distribution
[0.516s]   File "/usr/lib/python3/dist-packages/setuptools/dist.py", line 37, in <module>
[0.516s]     from setuptools.dist import Distribution
[0.516s]     from setuptools.dist import Distribution
[0.516s]   File "/usr/lib/python3/dist-packages/setuptools/dist.py", line 39, in <module>
[0.516s]   File "/usr/lib/python3/dist-packages/setuptools/dist.py", line 29, in <module>
[0.516s]     from setuptools import windows_support
[0.516s]   File "/usr/lib/python3/dist-packages/setuptools/windows_support.py", line 2, in <module>
[0.516s]     from setuptools.config import parse_configuration
[0.516s]   File "/usr/lib/python3/dist-packages/setuptools/config.py", line 17, in <module>
[0.516s]     from setuptools.extern import packaging
[0.516s]   File "<frozen importlib._bootstrap>", line 1027, in _find_and_load
[0.517s]     import ctypes
[0.517s]   File "/usr/lib/python3.10/ctypes/__init__.py", line 8, in <module>
[0.517s]   File "<frozen importlib._bootstrap>", line 1002, in _find_and_load_unlocked
[0.517s]   File "<frozen importlib._bootstrap>", line 945, in _find_spec
[0.517s]     from setuptools.extern.packaging.specifiers import SpecifierSet
[0.517s]   File "/usr/lib/python3/dist-packages/setuptools/_vendor/packaging/specifiers.py", line 24, in <module>
[0.517s]   File "/usr/lib/python3/dist-packages/pkg_resources/extern/__init__.py", line 57, in find_spec
[0.517s]     from _ctypes import Union, Structure, Array
[0.517s] KeyboardInterrupt
[0.517s]     from .utils import canonicalize_version
[0.517s]   File "/usr/lib/python3/dist-packages/setuptools/_vendor/packaging/utils.py", line 8, in <module>
[0.517s]     def find_spec(self, fullname, path=None, target=None):
[0.518s] KeyboardInterrupt
[0.518s]     from .tags import Tag, parse_tag
[0.518s]   File "/usr/lib/python3/dist-packages/setuptools/_vendor/packaging/tags.py", line 23, in <module>
[0.518s]     from . import _manylinux, _musllinux
[0.518s]   File "/usr/lib/python3/dist-packages/setuptools/_vendor/packaging/_musllinux.py", line 76, in <module>
[0.518s]     def _parse_musl_version(output: str) -> Optional[_MuslVersion]:
[0.519s]   File "/usr/lib/python3.10/typing.py", line 309, in inner
[0.519s]     return cached(*args, **kwds)
[0.519s]   File "/usr/lib/python3.10/typing.py", line 403, in __getitem__
[0.519s]     return self._getitem(self, parameters)
[0.519s]   File "/usr/lib/python3.10/typing.py", line 530, in Optional
[0.519s]     return Union[arg, type(None)]
[0.519s]   File "/usr/lib/python3.10/typing.py", line 309, in inner
[0.519s]     return cached(*args, **kwds)
[0.519s]   File "/usr/lib/python3.10/typing.py", line 403, in __getitem__
[0.519s]     return self._getitem(self, parameters)
[0.519s]   File "/usr/lib/python3.10/typing.py", line 516, in Union
[0.519s]     parameters = _remove_dups_flatten(parameters)
[0.519s]   File "/usr/lib/python3.10/typing.py", line 274, in _remove_dups_flatten
[0.520s]     if isinstance(p, (_UnionGenericAlias, types.UnionType)):
[0.520s] KeyboardInterrupt
[0.544s] gmake[2]: *** [CMakeFiles/ament_cmake_python_build_controller_egg.dir/build.make:70: CMakeFiles/ament_cmake_python_build_controller_egg] Interrupt
[0.544s] gmake[1]: *** [CMakeFiles/Makefile2:260: CMakeFiles/ament_cmake_python_build_controller_egg.dir/all] Interrupt
[0.546s] gmake[2]: *** [CMakeFiles/ament_cmake_python_build_webots_ros2_driver_egg.dir/build.make:70: CMakeFiles/ament_cmake_python_build_webots_ros2_driver_egg] Interrupt
[0.547s] gmake[1]: *** [CMakeFiles/Makefile2:364: CMakeFiles/ament_cmake_python_build_webots_ros2_driver_egg.dir/all] Interrupt
[0.549s] gmake[2]: *** [CMakeFiles/ament_cmake_python_build_vehicle_egg.dir/build.make:70: CMakeFiles/ament_cmake_python_build_vehicle_egg] Interrupt
[0.550s] gmake[1]: *** [CMakeFiles/Makefile2:312: CMakeFiles/ament_cmake_python_build_vehicle_egg.dir/all] Interrupt
[0.550s] gmake: *** [Makefile:146: all] Interrupt
[0.554s] Invoked command in '/home/flynn/webots_ros2_ws/build/webots_ros2_driver' returned '-2': AMENT_PREFIX_PATH=/home/flynn/webots_ros2_ws/install/webots_ros2_msgs:${AMENT_PREFIX_PATH} CMAKE_PREFIX_PATH=/home/flynn/webots_ros2_ws/install/webots_ros2_msgs:/opt/ros/humble LD_LIBRARY_PATH=/home/flynn/webots_ros2_ws/install/webots_ros2_msgs/lib:${LD_LIBRARY_PATH} PYTHONPATH=/home/flynn/webots_ros2_ws/install/webots_ros2_msgs/local/lib/python3.10/dist-packages:${PYTHONPATH} /usr/bin/cmake --build /home/flynn/webots_ros2_ws/build/webots_ros2_driver -- -j24 -l24
